<?xml version="1.0" encoding="UTF-8"?>
<!-- Generated by org.testng.reporters.JUnitReportReporter -->
<testsuite name="scripts.testRun" tests="3" time="0.000" ignored="1" failures="0" timestamp="09 Aug 2020 15:51:00 GMT" skipped="0" hostname="Razin-Anik" errors="0">
  <testcase name="validateUrl" time="0.000" classname="scripts.testRun"/>
  <testcase name="validateTextPresnt" time="0.000" classname="scripts.testRun"/>
  <testcase name="validateTitle" time="0.000" classname="scripts.testRun"/>
  <testcase name="atest" classname="scripts.codeRun">
    <skipped/>
  </testcase> <!-- atest -->
</testsuite> <!-- scripts.testRun -->
