<?xml version="1.0" encoding="UTF-8"?>
<!-- Generated by org.testng.reporters.JUnitReportReporter -->
<testsuite name="scripts.codeRun" tests="2" time="0.003" ignored="1" failures="0" timestamp="09 Aug 2020 15:51:00 GMT" skipped="0" hostname="Razin-Anik" errors="0">
  <testcase name="ctest" time="0.002" classname="scripts.codeRun"/>
  <testcase name="btest" time="0.001" classname="scripts.codeRun"/>
  <testcase name="atest" classname="scripts.codeRun">
    <skipped/>
  </testcase> <!-- atest -->
</testsuite> <!-- scripts.codeRun -->
